Z:\進行中工作\16-202_三軸伺服槍鎖螺絲機(日東伺服槍)\電路圖\16-202E-01.dwg,模型,2016/3/30 下午 07:26:30,elec-jack,FX DocuCentre-IV 2060 PCL 6,A4(210x297mm),1:1.01885,
Z:\進行中工作\16-202_三軸伺服槍鎖螺絲機(日東伺服槍)\電路圖\16-202E-02.dwg,模型,2016/3/30 下午 07:26:48,elec-jack,FX DocuCentre-IV 2060 PCL 6,A4(210x297mm),1:1.01885,
Z:\進行中工作\16-202_三軸伺服槍鎖螺絲機(日東伺服槍)\電路圖\16-202E-03.dwg,模型,2016/3/30 下午 07:27:17,elec-jack,FX DocuCentre-IV 2060 PCL 6,A4(210x297mm),1:1.01885,
Z:\進行中工作\16-202_三軸伺服槍鎖螺絲機(日東伺服槍)\電路圖\16-202E-04.dwg,模型,2016/3/30 下午 07:27:30,elec-jack,FX DocuCentre-IV 2060 PCL 6,A4(210x297mm),1:1.01907,
Z:\進行中工作\16-202_三軸伺服槍鎖螺絲機(日東伺服槍)\電路圖\16-202E-05.dwg,模型,2016/3/30 下午 07:27:41,elec-jack,FX DocuCentre-IV 2060 PCL 6,A4(210x297mm),1:1.01886,
Z:\進行中工作\16-202_三軸伺服槍鎖螺絲機(日東伺服槍)\電路圖\16-202E-06.dwg,模型,2016/3/30 下午 07:27:53,elec-jack,FX DocuCentre-IV 2060 PCL 6,A4(210x297mm),1:1.01899,
Z:\進行中工作\16-202_三軸伺服槍鎖螺絲機(日東伺服槍)\電路圖\16-202E-07.dwg,模型,2016/3/30 下午 07:28:02,elec-jack,FX DocuCentre-IV 2060 PCL 6,A4(210x297mm),1:1.01899,
Z:\進行中工作\16-202_三軸伺服槍鎖螺絲機(日東伺服槍)\電路圖\16-202E-08.dwg,模型,2016/3/30 下午 07:28:10,elec-jack,FX DocuCentre-IV 2060 PCL 6,A4(210x297mm),1:1.01891,
Z:\進行中工作\16-202_三軸伺服槍鎖螺絲機(日東伺服槍)\電路圖\16-202E-09.dwg,模型,2016/3/30 下午 07:28:21,elec-jack,FX DocuCentre-IV 2060 PCL 6,A4(210x297mm),1:1.01891,
Z:\進行中工作\16-202_三軸伺服槍鎖螺絲機(日東伺服槍)\電路圖\16-202E-10.dwg,模型,2016/3/30 下午 07:28:32,elec-jack,FX DocuCentre-IV 2060 PCL 6,A4(210x297mm),1:1.01891,
C:\Users\USER\Desktop\16-706電源固定孔\Drawing1.dwg,模型,2016/11/16 下午 06:05:24,USER,FX DocuCentre-IV 2060 PCL 6,A4(210x297mm),1:4.05002,
\\Diskstation\電控\進行中工作\16-1101三軸螺絲自動供給鎖緊機\16-1101E-02.dwg,模型,2016/11/25 上午 11:46:16,USER,FUJI XEROX DocuPrint M355 df,A4,1:1.02079,
\\Diskstation\電控\進行中工作\16-1101三軸螺絲自動供給鎖緊機\16-1101E-03.dwg,模型,2016/11/25 上午 11:49:35,USER,FUJI XEROX DocuPrint M355 df,A4,1:1.02079,
\\Diskstation\電控\進行中工作\16-1101三軸螺絲自動供給鎖緊機\16-1101E-04.dwg,模型,2016/11/25 上午 11:51:06,USER,FUJI XEROX DocuPrint M355 df,A4,1:1.0208,
\\Diskstation\電控\進行中工作\16-1101三軸螺絲自動供給鎖緊機\16-1101E-05.dwg,模型,2016/11/25 上午 11:52:53,USER,FUJI XEROX DocuPrint M355 df,A4,1:1.0208,
\\Diskstation\電控\進行中工作\16-1101三軸螺絲自動供給鎖緊機\16-1101-01.dwg,模型,2016/11/25 上午 11:56:21,USER,FUJI XEROX DocuPrint M355 df,A4,1:1.02079,
\\Diskstation\電控\進行中工作\16-1101三軸螺絲自動供給鎖緊機\16-1101E-02.dwg,模型,2016/11/25 上午 11:58:21,USER,FUJI XEROX DocuPrint M355 df,A4,1:1.02079,
\\Diskstation\電控\進行中工作\16-1101三軸螺絲自動供給鎖緊機\16-1101E-06.dwg,模型,2016/11/25 上午 11:59:58,USER,FUJI XEROX DocuPrint M355 df,A4,1:1.02093,
\\Diskstation\電控\進行中工作\16-1101三軸螺絲自動供給鎖緊機\16-1101E-07.dwg,模型,2016/11/25 下午 01:15:22,USER,FUJI XEROX DocuPrint M355 df,A4,1:1.02093,
\\Diskstation\電控\進行中工作\16-1101三軸螺絲自動供給鎖緊機\16-1101E-08.dwg,模型,2016/11/25 下午 01:17:05,USER,FUJI XEROX DocuPrint M355 df,A4,1:1.02069,
\\Diskstation\電控\進行中工作\16-1101三軸螺絲自動供給鎖緊機\16-1101E-09.dwg,模型,2016/11/25 下午 01:19:01,USER,FUJI XEROX DocuPrint M355 df,A4,1:1.02069,
\\Diskstation\電控\進行中工作\16-1101三軸螺絲自動供給鎖緊機\16-1101E-10.dwg,模型,2016/11/25 下午 01:21:02,USER,FUJI XEROX DocuPrint M355 df,A4,1:1.02069,
\\Diskstation\電控\進行中工作\16-1101三軸螺絲自動供給鎖緊機\16-1101E-08.dwg,模型,2016/11/25 下午 01:26:07,USER,FUJI XEROX DocuPrint M355 df,A4,1:1.02069,
\\Diskstation\電控\進行中工作\16-1101三軸螺絲自動供給鎖緊機\16-1101E-09.dwg,模型,2016/11/25 下午 01:26:45,USER,FUJI XEROX DocuPrint M355 df,A4,1:1.02069,
\\Diskstation\電控\進行中工作\16-1101三軸螺絲自動供給鎖緊機\16-1101E-10.dwg,模型,2016/11/25 下午 01:27:10,USER,FUJI XEROX DocuPrint M355 df,A4,1:1.02069,
\\Diskstation\電控\進行中工作\16-1101三軸螺絲自動供給鎖緊機\16-1101E-08.dwg,模型,2016/11/25 下午 01:33:34,USER,FUJI XEROX DocuPrint M355 df,A4,1:1.02069,
\\Diskstation\電控\進行中工作\16-1101三軸螺絲自動供給鎖緊機\16-1101E-09.dwg,模型,2016/11/25 下午 01:35:44,USER,FUJI XEROX DocuPrint M355 df,A4,1:1.02069,
\\Diskstation\電控\進行中工作\16-1101三軸螺絲自動供給鎖緊機\16-1101E-10.dwg,模型,2016/11/25 下午 01:36:30,USER,FUJI XEROX DocuPrint M355 df,A4,1:1.02069,
