C:\Users\WorkJack\Desktop\16-706_美工刀全自動組立機\電路圖\16-706E-01.dwg,模型,2016/9/5 下午 03:46:02,WorkJack,FX DocuCentre-IV 2060 PCL 6,A4(210x297mm),1:1.01885,
C:\Users\WorkJack\Desktop\16-706_美工刀全自動組立機\電路圖\16-706E-02.dwg,模型,2016/9/5 下午 03:46:11,WorkJack,FX DocuCentre-IV 2060 PCL 6,A4(210x297mm),1:1.01885,
C:\Users\WorkJack\Desktop\16-706_美工刀全自動組立機\電路圖\16-706E-03.dwg,模型,2016/9/5 下午 03:46:17,WorkJack,FX DocuCentre-IV 2060 PCL 6,A4(210x297mm),1:1.01885,
C:\Users\WorkJack\Desktop\16-706_美工刀全自動組立機\電路圖\16-706E-04.dwg,模型,2016/9/5 下午 03:46:23,WorkJack,FX DocuCentre-IV 2060 PCL 6,A4(210x297mm),1:1.01885,
C:\Users\WorkJack\Desktop\16-706_美工刀全自動組立機\電路圖\16-706E-05.dwg,模型,2016/9/5 下午 03:46:28,WorkJack,FX DocuCentre-IV 2060 PCL 6,A4(210x297mm),1:1.01885,
C:\Users\WorkJack\Desktop\16-706_美工刀全自動組立機\電路圖\16-706E-06.dwg,模型,2016/9/5 下午 03:46:35,WorkJack,FX DocuCentre-IV 2060 PCL 6,A4(210x297mm),1:1.01885,
C:\Users\WorkJack\Desktop\16-706_美工刀全自動組立機\電路圖\16-706E-07.dwg,模型,2016/9/5 下午 03:46:40,WorkJack,FX DocuCentre-IV 2060 PCL 6,A4(210x297mm),1:1.01885,
C:\Users\WorkJack\Desktop\16-706_美工刀全自動組立機\電路圖\16-706E-01.dwg,模型,2016/9/19 下午 04:01:49,WorkJack,FX DocuCentre-IV 2060 PCL 6,A4(210x297mm),1:1.01885,
C:\Users\WorkJack\Desktop\16-706_美工刀全自動組立機\電路圖\16-706E-02.dwg,模型,2016/9/19 下午 04:02:06,WorkJack,FX DocuCentre-IV 2060 PCL 6,A4(210x297mm),1:1.01885,
C:\Users\WorkJack\Desktop\16-706_美工刀全自動組立機\電路圖\16-706E-03.dwg,模型,2016/9/19 下午 04:02:20,WorkJack,FX DocuCentre-IV 2060 PCL 6,A4(210x297mm),1:1.01885,
C:\Users\WorkJack\Desktop\16-706_美工刀全自動組立機\電路圖\16-706E-04.dwg,模型,2016/9/19 下午 04:02:33,WorkJack,FX DocuCentre-IV 2060 PCL 6,A4(210x297mm),1:1.01885,
C:\Users\WorkJack\Desktop\16-706_美工刀全自動組立機\電路圖\16-706E-05.dwg,模型,2016/9/19 下午 04:02:47,WorkJack,FX DocuCentre-IV 2060 PCL 6,A4(210x297mm),1:1.01885,
C:\Users\WorkJack\Desktop\16-706_美工刀全自動組立機\電路圖\16-706E-07.dwg,模型,2016/9/19 下午 04:02:59,WorkJack,FX DocuCentre-IV 2060 PCL 6,A4(210x297mm),1:1.01885,
C:\Users\WorkJack\Desktop\16-706_美工刀全自動組立機\電路圖\16-706E-06.dwg,模型,2016/9/19 下午 04:03:08,WorkJack,FX DocuCentre-IV 2060 PCL 6,A4(210x297mm),1:1.01885,
C:\Users\WorkJack\Desktop\16-706_美工刀全自動組立機\電路圖\16-706E-C01.dwg,模型,2016/9/19 下午 04:09:44,WorkJack,FX DocuCentre-IV 2060 PCL 6,A4(210x297mm),1:1.01886,
C:\Users\WorkJack\Desktop\16-706_美工刀全自動組立機\電路圖\16-706E-C02.dwg,模型,2016/9/19 下午 04:09:52,WorkJack,FX DocuCentre-IV 2060 PCL 6,A4(210x297mm),1:1.01899,
C:\Users\WorkJack\Desktop\16-706_美工刀全自動組立機\電路圖\16-706E-S001.dwg,模型,2016/9/19 下午 04:10:03,WorkJack,FX DocuCentre-IV 2060 PCL 6,A4(210x297mm),1:1.01886,
C:\Users\WorkJack\Desktop\16-706_美工刀全自動組立機\電路圖\16-706E-S002.dwg,模型,2016/9/19 下午 04:10:10,WorkJack,FX DocuCentre-IV 2060 PCL 6,A4(210x297mm),1:1.01886,
C:\Users\WorkJack\Desktop\16-706_美工刀全自動組立機\電路圖\16-706E-S003.dwg,模型,2016/9/19 下午 04:10:17,WorkJack,FX DocuCentre-IV 2060 PCL 6,A4(210x297mm),1:1.01886,
C:\Users\WorkJack\Desktop\16-706_美工刀全自動組立機\電路圖\16-706E-S004.dwg,模型,2016/9/19 下午 04:10:26,WorkJack,FX DocuCentre-IV 2060 PCL 6,A4(210x297mm),1:1.01899,
C:\Users\WorkJack\Desktop\16-706_美工刀全自動組立機\電路圖\16-706E-S005.dwg,模型,2016/9/19 下午 04:10:34,WorkJack,FX DocuCentre-IV 2060 PCL 6,A4(210x297mm),1:1.01885,
C:\Users\WorkJack\Desktop\16-706_美工刀全自動組立機\電路圖\16-706E-S006.dwg,模型,2016/9/19 下午 04:10:42,WorkJack,FX DocuCentre-IV 2060 PCL 6,A4(210x297mm),1:1.01885,
C:\Users\WorkJack\Desktop\16-706_美工刀全自動組立機\電路圖\16-706E-S101.dwg,模型,2016/9/19 下午 04:14:37,WorkJack,FX DocuCentre-IV 2060 PCL 6,A4(210x297mm),1:1.01886,
C:\Users\WorkJack\Desktop\16-706_美工刀全自動組立機\電路圖\16-706E-S102.dwg,模型,2016/9/19 下午 04:14:48,WorkJack,FX DocuCentre-IV 2060 PCL 6,A4(210x297mm),1:1.01886,
C:\Users\WorkJack\Desktop\16-706_美工刀全自動組立機\電路圖\16-706E-S103.dwg,模型,2016/9/19 下午 04:14:59,WorkJack,FX DocuCentre-IV 2060 PCL 6,A4(210x297mm),1:1.01886,
C:\Users\WorkJack\Desktop\16-706_美工刀全自動組立機\電路圖\16-706E-S104.dwg,模型,2016/9/19 下午 04:15:08,WorkJack,FX DocuCentre-IV 2060 PCL 6,A4(210x297mm),1:1.01899,
C:\Users\WorkJack\Desktop\16-706_美工刀全自動組立機\電路圖\16-706E-S401.dwg,模型,2016/9/19 下午 04:15:19,WorkJack,FX DocuCentre-IV 2060 PCL 6,A4(210x297mm),1:1.01886,
C:\Users\WorkJack\Desktop\16-706_美工刀全自動組立機\電路圖\16-706E-S402.dwg,模型,2016/9/19 下午 04:15:30,WorkJack,FX DocuCentre-IV 2060 PCL 6,A4(210x297mm),1:1.01886,
C:\Users\WorkJack\Desktop\16-706_美工刀全自動組立機\電路圖\16-706E-S403.dwg,模型,2016/9/19 下午 04:15:40,WorkJack,FX DocuCentre-IV 2060 PCL 6,A4(210x297mm),1:1.01886,
C:\Users\WorkJack\Desktop\16-706_美工刀全自動組立機\電路圖\16-706E-S404.dwg,模型,2016/9/19 下午 04:15:50,WorkJack,FX DocuCentre-IV 2060 PCL 6,A4(210x297mm),1:1.01899,
C:\Users\WorkJack\Desktop\16-706_美工刀全自動組立機\電路圖\16-706E-S701.dwg,模型,2016/9/19 下午 04:16:00,WorkJack,FX DocuCentre-IV 2060 PCL 6,A4(210x297mm),1:1.01886,
C:\Users\WorkJack\Desktop\16-706_美工刀全自動組立機\電路圖\16-706E-S702.dwg,模型,2016/9/19 下午 04:16:11,WorkJack,FX DocuCentre-IV 2060 PCL 6,A4(210x297mm),1:1.01886,
C:\Users\WorkJack\Desktop\16-706_美工刀全自動組立機\電路圖\16-706E-S703.dwg,模型,2016/9/19 下午 04:16:22,WorkJack,FX DocuCentre-IV 2060 PCL 6,A4(210x297mm),1:1.01886,
C:\Users\WorkJack\Desktop\16-706_美工刀全自動組立機\電路圖\16-706E-S704.dwg,模型,2016/9/19 下午 04:16:31,WorkJack,FX DocuCentre-IV 2060 PCL 6,A4(210x297mm),1:1.01899,
C:\Users\WorkJack\Desktop\16-706_美工刀全自動組立機\電路圖\16-706E-S901.dwg,模型,2016/9/19 下午 04:16:41,WorkJack,FX DocuCentre-IV 2060 PCL 6,A4(210x297mm),1:1.01886,
C:\Users\WorkJack\Desktop\16-706_美工刀全自動組立機\電路圖\16-706E-S902.dwg,模型,2016/9/19 下午 04:16:51,WorkJack,FX DocuCentre-IV 2060 PCL 6,A4(210x297mm),1:1.01886,
C:\Users\WorkJack\Desktop\16-706_美工刀全自動組立機\電路圖\16-706E-S903.dwg,模型,2016/9/19 下午 04:17:00,WorkJack,FX DocuCentre-IV 2060 PCL 6,A4(210x297mm),1:1.01886,
C:\Users\WorkJack\Desktop\16-706_美工刀全自動組立機\電路圖\16-706E-S904.dwg,模型,2016/9/19 下午 04:17:08,WorkJack,FX DocuCentre-IV 2060 PCL 6,A4(210x297mm),1:1.01899,
C:\Users\WorkJack\Desktop\16-706_美工刀全自動組立機\電路圖\16-706E-01.dwg,模型,2016/9/20 下午 02:06:49,WorkJack,FX DocuCentre-IV 2060 PCL 6,A4(210x297mm),1:1.01885,
C:\Users\WorkJack\Desktop\16-706_美工刀全自動組立機\電路圖\16-706E-02.dwg,模型,2016/9/20 下午 02:06:57,WorkJack,FX DocuCentre-IV 2060 PCL 6,A4(210x297mm),1:1.01885,
C:\Users\WorkJack\Desktop\16-706_美工刀全自動組立機\電路圖\16-706E-03.dwg,模型,2016/9/20 下午 02:07:06,WorkJack,FX DocuCentre-IV 2060 PCL 6,A4(210x297mm),1:1.01885,
C:\Users\WorkJack\Desktop\16-706_美工刀全自動組立機\電路圖\16-706E-04.dwg,模型,2016/9/20 下午 02:07:14,WorkJack,FX DocuCentre-IV 2060 PCL 6,A4(210x297mm),1:1.01885,
C:\Users\WorkJack\Desktop\16-706_美工刀全自動組立機\電路圖\16-706E-05.dwg,模型,2016/9/20 下午 02:07:21,WorkJack,FX DocuCentre-IV 2060 PCL 6,A4(210x297mm),1:1.01885,
C:\Users\WorkJack\Desktop\16-706_美工刀全自動組立機\電路圖\16-706E-06.dwg,模型,2016/9/20 下午 02:07:27,WorkJack,FX DocuCentre-IV 2060 PCL 6,A4(210x297mm),1:1.01885,
C:\Users\WorkJack\Desktop\16-706_美工刀全自動組立機\電路圖\16-706E-07.dwg,模型,2016/9/20 下午 02:07:34,WorkJack,FX DocuCentre-IV 2060 PCL 6,A4(210x297mm),1:1.01885,
C:\Users\WorkJack\Desktop\16-706_美工刀全自動組立機\電路圖\16-706E-08X.dwg,模型,2016/9/20 下午 02:07:40,WorkJack,FX DocuCentre-IV 2060 PCL 6,A4(210x297mm),1:1.01883,
C:\Users\WorkJack\Desktop\16-706_美工刀全自動組立機\電路圖\16-706E-09.dwg,模型,2016/9/20 下午 02:07:47,WorkJack,FX DocuCentre-IV 2060 PCL 6,A4(210x297mm),1:1.01886,
C:\Users\WorkJack\Desktop\16-706_美工刀全自動組立機\電路圖\16-706E-10.dwg,模型,2016/9/20 下午 02:07:53,WorkJack,FX DocuCentre-IV 2060 PCL 6,A4(210x297mm),1:1.01886,
C:\Users\WorkJack\Desktop\16-706_美工刀全自動組立機\電路圖\16-706E-11.dwg,模型,2016/9/20 下午 02:08:00,WorkJack,FX DocuCentre-IV 2060 PCL 6,A4(210x297mm),1:1.01886,
C:\Users\WorkJack\Desktop\16-706_美工刀全自動組立機\電路圖\16-706E-12.dwg,模型,2016/9/20 下午 02:08:08,WorkJack,FX DocuCentre-IV 2060 PCL 6,A4(210x297mm),1:1.01886,
C:\Users\WorkJack\Desktop\16-706_美工刀全自動組立機\電路圖\16-706E-13.dwg,模型,2016/9/20 下午 02:08:15,WorkJack,FX DocuCentre-IV 2060 PCL 6,A4(210x297mm),1:1.01886,
C:\Users\WorkJack\Desktop\16-706_美工刀全自動組立機\電路圖\16-706E-14.dwg,模型,2016/9/20 下午 02:08:21,WorkJack,FX DocuCentre-IV 2060 PCL 6,A4(210x297mm),1:1.01886,
C:\Users\WorkJack\Desktop\16-706_美工刀全自動組立機\電路圖\16-706E-15Y.dwg,模型,2016/9/20 下午 02:08:28,WorkJack,FX DocuCentre-IV 2060 PCL 6,A4(210x297mm),1:1.01899,
C:\Users\WorkJack\Desktop\16-706_美工刀全自動組立機\電路圖\16-706E-16.dwg,模型,2016/9/20 下午 02:09:06,WorkJack,FX DocuCentre-IV 2060 PCL 6,A4(210x297mm),1:1.01899,
C:\Users\WorkJack\Desktop\16-706_美工刀全自動組立機\電路圖\16-706E-17.dwg,模型,2016/9/20 下午 02:09:47,WorkJack,FX DocuCentre-IV 2060 PCL 6,A4(210x297mm),1:1.01899,
C:\Users\WorkJack\Desktop\16-706_美工刀全自動組立機\電路圖\16-706E-18.dwg,模型,2016/9/20 下午 02:10:18,WorkJack,FX DocuCentre-IV 2060 PCL 6,A4(210x297mm),1:1.01899,
C:\Users\WorkJack\Desktop\16-706_美工刀全自動組立機\電路圖\16-706E-19.dwg,模型,2016/9/20 下午 02:10:41,WorkJack,FX DocuCentre-IV 2060 PCL 6,A4(210x297mm),1:1.01885,
C:\Users\WorkJack\Desktop\16-706_美工刀全自動組立機\電路圖\16-706E-20.dwg,模型,2016/9/20 下午 02:10:49,WorkJack,FX DocuCentre-IV 2060 PCL 6,A4(210x297mm),1:1.01885,
C:\Users\WorkJack\Desktop\16-706_美工刀全自動組立機\電路圖\16-706E-02.dwg,模型,2016/9/23 上午 10:37:10,WorkJack,FX DocuCentre-IV 2060 PCL 6,A4(210x297mm),1:1.5546,
C:\Users\WorkJack\Desktop\16-706_美工刀全自動組立機\電路圖\16-706E-03.dwg,模型,2016/9/23 上午 10:37:20,WorkJack,FX DocuCentre-IV 2060 PCL 6,A4(210x297mm),1:1.01885,
C:\Users\WorkJack\Desktop\16-706_美工刀全自動組立機\電路圖\16-706E-04.dwg,模型,2016/9/23 上午 10:37:33,WorkJack,FX DocuCentre-IV 2060 PCL 6,A4(210x297mm),1:1.01885,
C:\Users\WorkJack\Desktop\16-706_美工刀全自動組立機\電路圖\16-706E-05.dwg,模型,2016/9/23 上午 10:37:43,WorkJack,FX DocuCentre-IV 2060 PCL 6,A4(210x297mm),1:1.01885,
C:\Users\WorkJack\Desktop\16-706_美工刀全自動組立機\電路圖\16-706E-06.dwg,模型,2016/9/23 上午 10:37:58,WorkJack,FX DocuCentre-IV 2060 PCL 6,A4(210x297mm),1:1.01885,
C:\Users\WorkJack\Desktop\16-706_美工刀全自動組立機\電路圖\16-706E-07.dwg,模型,2016/9/23 上午 10:38:14,WorkJack,FX DocuCentre-IV 2060 PCL 6,A4(210x297mm),1:1.01885,
C:\Users\WorkJack\Desktop\16-706_美工刀全自動組立機\電路圖\16-706E-08X.dwg,模型,2016/9/23 上午 10:38:23,WorkJack,FX DocuCentre-IV 2060 PCL 6,A4(210x297mm),1:1.01886,
C:\Users\WorkJack\Desktop\16-706_美工刀全自動組立機\電路圖\16-706E-09.dwg,模型,2016/9/23 上午 10:38:35,WorkJack,FX DocuCentre-IV 2060 PCL 6,A4(210x297mm),1:1.01886,
C:\Users\WorkJack\Desktop\16-706_美工刀全自動組立機\電路圖\16-706E-10.dwg,模型,2016/9/23 上午 10:38:44,WorkJack,FX DocuCentre-IV 2060 PCL 6,A4(210x297mm),1:1.01886,
C:\Users\WorkJack\Desktop\16-706_美工刀全自動組立機\電路圖\16-706E-02.dwg,模型,2016/9/23 上午 10:39:44,WorkJack,FX DocuCentre-IV 2060 PCL 6,A4(210x297mm),1:1.01885,
C:\Users\WorkJack\Desktop\16-706_美工刀全自動組立機\電路圖\16-706E-11.dwg,模型,2016/9/23 上午 10:42:10,WorkJack,FX DocuCentre-IV 2060 PCL 6,A4(210x297mm),1:1.01886,
C:\Users\WorkJack\Desktop\16-706_美工刀全自動組立機\電路圖\16-706E-12.dwg,模型,2016/9/23 上午 10:42:17,WorkJack,FX DocuCentre-IV 2060 PCL 6,A4(210x297mm),1:1.01886,
C:\Users\WorkJack\Desktop\16-706_美工刀全自動組立機\電路圖\16-706E-13.dwg,模型,2016/9/23 上午 10:42:23,WorkJack,FX DocuCentre-IV 2060 PCL 6,A4(210x297mm),1:1.01886,
C:\Users\WorkJack\Desktop\16-706_美工刀全自動組立機\電路圖\16-706E-14.dwg,模型,2016/9/23 上午 10:42:31,WorkJack,FX DocuCentre-IV 2060 PCL 6,A4(210x297mm),1:1.01886,
C:\Users\WorkJack\Desktop\16-706_美工刀全自動組立機\電路圖\16-706E-15Y.dwg,模型,2016/9/23 上午 10:42:38,WorkJack,FX DocuCentre-IV 2060 PCL 6,A4(210x297mm),1:1.01899,
C:\Users\WorkJack\Desktop\16-706_美工刀全自動組立機\電路圖\16-706E-16.dwg,模型,2016/9/23 上午 10:42:47,WorkJack,FX DocuCentre-IV 2060 PCL 6,A4(210x297mm),1:1.01899,
C:\Users\WorkJack\Desktop\16-706_美工刀全自動組立機\電路圖\16-706E-17.dwg,模型,2016/9/23 上午 10:42:54,WorkJack,FX DocuCentre-IV 2060 PCL 6,A4(210x297mm),1:1.01899,
C:\Users\WorkJack\Desktop\16-706_美工刀全自動組立機\電路圖\16-706E-18.dwg,模型,2016/9/23 上午 10:43:02,WorkJack,FX DocuCentre-IV 2060 PCL 6,A4(210x297mm),1:1.01899,
C:\Users\WorkJack\Desktop\16-706_美工刀全自動組立機\電路圖\16-706E-19CCD.dwg,模型,2016/9/23 上午 10:43:10,WorkJack,FX DocuCentre-IV 2060 PCL 6,A4(210x297mm),1:1.01885,
C:\Users\WorkJack\Desktop\16-706_美工刀全自動組立機\電路圖\16-706E-20AD.dwg,模型,2016/9/23 上午 10:43:18,WorkJack,FX DocuCentre-IV 2060 PCL 6,A4(210x297mm),1:1.01885,
C:\Users\WorkJack\Desktop\16-706_美工刀全自動組立機\電路圖\16-706E-21X.dwg,模型,2016/9/23 上午 10:43:31,WorkJack,FX DocuCentre-IV 2060 PCL 6,A4(210x297mm),1:1.01886,
C:\Users\WorkJack\Desktop\16-706_美工刀全自動組立機\電路圖\16-706E-22.dwg,模型,2016/9/23 上午 10:43:37,WorkJack,FX DocuCentre-IV 2060 PCL 6,A4(210x297mm),1:1.01886,
C:\Users\WorkJack\Desktop\16-706_美工刀全自動組立機\電路圖\16-706E-23Y.dwg,模型,2016/9/23 上午 10:43:43,WorkJack,FX DocuCentre-IV 2060 PCL 6,A4(210x297mm),1:1.01899,
C:\Users\WorkJack\Desktop\16-706_美工刀全自動組立機\電路圖\16-706E-01.dwg,模型,2016/10/4 上午 08:26:08,WorkJack,FX DocuCentre-IV 2060 PCL 6,A4(210x297mm),1:1.01885,
C:\Users\WorkJack\Desktop\16-706_美工刀全自動組立機\電路圖\16-706E-02.dwg,模型,2016/10/4 上午 08:26:15,WorkJack,FX DocuCentre-IV 2060 PCL 6,A4(210x297mm),1:1.01885,
C:\Users\WorkJack\Desktop\16-706_美工刀全自動組立機\電路圖\16-706E-03.dwg,模型,2016/10/4 上午 08:26:20,WorkJack,FX DocuCentre-IV 2060 PCL 6,A4(210x297mm),1:1.01885,
C:\Users\WorkJack\Desktop\16-706_美工刀全自動組立機\電路圖\16-706E-04.dwg,模型,2016/10/4 上午 08:26:27,WorkJack,FX DocuCentre-IV 2060 PCL 6,A4(210x297mm),1:1.01885,
C:\Users\WorkJack\Desktop\16-706_美工刀全自動組立機\電路圖\16-706E-05.dwg,模型,2016/10/4 上午 08:26:34,WorkJack,FX DocuCentre-IV 2060 PCL 6,A4(210x297mm),1:1.01885,
C:\Users\WorkJack\Desktop\16-706_美工刀全自動組立機\電路圖\16-706E-06.dwg,模型,2016/10/4 上午 08:26:41,WorkJack,FX DocuCentre-IV 2060 PCL 6,A4(210x297mm),1:1.01885,
C:\Users\WorkJack\Desktop\16-706_美工刀全自動組立機\電路圖\16-706E-07.dwg,模型,2016/10/4 上午 08:26:48,WorkJack,FX DocuCentre-IV 2060 PCL 6,A4(210x297mm),1:1.01885,
C:\Users\USER\Desktop\17-103_7軸鎖螺絲機\電路圖\17-103E-01.dwg,模型,2017/3/8 上午 09:46:51,USER,FX DocuCentre-IV 2060 PCL 6,A4(210x297mm),1:1.01885,
C:\Users\USER\Desktop\17-103_7軸鎖螺絲機\電路圖\17-103E-02.dwg,模型,2017/3/8 上午 09:47:04,USER,FX DocuCentre-IV 2060 PCL 6,A4(210x297mm),1:1.01885,
C:\Users\USER\Desktop\17-103_7軸鎖螺絲機\電路圖\17-103E-03.dwg,模型,2017/3/8 上午 09:47:15,USER,FX DocuCentre-IV 2060 PCL 6,A4(210x297mm),1:1.01885,
C:\Users\USER\Desktop\17-103_7軸鎖螺絲機\電路圖\17-103E-04.dwg,模型,2017/3/8 上午 09:49:07,USER,FX DocuCentre-IV 2060 PCL 6,A4(210x297mm),1:1.01885,
C:\Users\USER\Desktop\17-103_7軸鎖螺絲機\電路圖\17-103E-05.dwg,模型,2017/3/8 上午 09:49:25,USER,FX DocuCentre-IV 2060 PCL 6,A4(210x297mm),1:1.01886,
C:\Users\USER\Desktop\17-103_7軸鎖螺絲機\電路圖\17-103E-06.dwg,模型,2017/3/8 上午 09:49:37,USER,FX DocuCentre-IV 2060 PCL 6,A4(210x297mm),1:1.01886,
C:\Users\USER\Desktop\17-103_7軸鎖螺絲機\電路圖\17-103E-07.dwg,模型,2017/3/8 上午 09:49:47,USER,FX DocuCentre-IV 2060 PCL 6,A4(210x297mm),1:1.01886,
C:\Users\USER\Desktop\17-103_7軸鎖螺絲機\電路圖\17-103E-08.dwg,模型,2017/3/8 上午 09:49:57,USER,FX DocuCentre-IV 2060 PCL 6,A4(210x297mm),1:1.01886,
C:\Users\USER\Desktop\17-103_7軸鎖螺絲機\電路圖\17-103E-09.dwg,模型,2017/3/8 上午 09:50:05,USER,FX DocuCentre-IV 2060 PCL 6,A4(210x297mm),1:1.01899,
C:\Users\USER\Desktop\17-103_7軸鎖螺絲機\電路圖\17-103E-10.dwg,模型,2017/3/8 上午 09:50:15,USER,FX DocuCentre-IV 2060 PCL 6,A4(210x297mm),1:1.01899,
