C:\Users\USER\Desktop\15-804_5+4軸自動鎖螺絲機\電路圖\15-804E-01.dwg,模型,2015/10/8 上午 08:46:19,USER,FUJI XEROX DocuPrint M355 df,A4,1:1.01949,
C:\Users\USER\Desktop\15-804_5+4軸自動鎖螺絲機\電路圖\15-804E-02.dwg,模型,2015/10/8 上午 08:46:44,USER,FUJI XEROX DocuPrint M355 df,A4,1:1.01949,
C:\Users\USER\Desktop\15-804_5+4軸自動鎖螺絲機\電路圖\15-804E-03.dwg,模型,2015/10/8 上午 08:47:37,USER,FUJI XEROX DocuPrint M355 df,A4,1:1.01949,
C:\Users\USER\Desktop\15-804_5+4軸自動鎖螺絲機\電路圖\15-804E-04.dwg,模型,2015/10/8 上午 08:49:16,USER,FUJI XEROX DocuPrint M355 df,A4,1:1.01949,
C:\Users\USER\Desktop\15-804_5+4軸自動鎖螺絲機\電路圖\15-804E-05.dwg,模型,2015/10/8 上午 08:49:47,USER,FUJI XEROX DocuPrint M355 df,A4,1:1.01949,
C:\Users\USER\Desktop\15-804_5+4軸自動鎖螺絲機\電路圖\15-804E-06.dwg,模型,2015/10/8 上午 08:50:04,USER,FUJI XEROX DocuPrint M355 df,A4,1:1.01949,
C:\Users\USER\Desktop\15-804_5+4軸自動鎖螺絲機\電路圖\15-804E-07.dwg,模型,2015/10/8 上午 08:50:21,USER,FUJI XEROX DocuPrint M355 df,A4,1:1.01949,
C:\Users\USER\Desktop\15-804_5+4軸自動鎖螺絲機\電路圖\15-804E-08.dwg,模型,2015/10/8 上午 08:50:45,USER,FUJI XEROX DocuPrint M355 df,A4,1:1.01949,
C:\Users\USER\Desktop\15-804_5+4軸自動鎖螺絲機\電路圖\15-804E-9.dwg,模型,2015/10/8 上午 08:51:03,USER,FUJI XEROX DocuPrint M355 df,A4,1:1.01949,
C:\Users\USER\Desktop\15-804_5+4軸自動鎖螺絲機\電路圖\15-804E-10.dwg,模型,2015/10/8 上午 08:51:20,USER,FUJI XEROX DocuPrint M355 df,A4,1:1.01949,
C:\Users\USER\Desktop\15-804_5+4軸自動鎖螺絲機\電路圖\15-804E-08.dwg,模型,2015/10/8 上午 09:00:46,USER,FUJI XEROX DocuPrint M355 df,A4,1:1.01949,
C:\Users\USER\Desktop\15-804_5+4軸自動鎖螺絲機\電路圖\15-804E-07.dwg,模型,2015/10/8 上午 09:01:00,USER,FUJI XEROX DocuPrint M355 df,A4,1:1.01949,
C:\Users\USER\Desktop\15-804_5+4軸自動鎖螺絲機\電路圖\15-804E-06.dwg,模型,2015/10/8 上午 09:01:15,USER,FUJI XEROX DocuPrint M355 df,A4,1:1.01949,
C:\Users\USER\Desktop\15-804_5+4軸自動鎖螺絲機\電路圖\15-804E-05.dwg,模型,2015/10/8 上午 09:01:28,USER,FUJI XEROX DocuPrint M355 df,A4,1:1.01949,
C:\Users\USER\Desktop\15-804_5+4軸自動鎖螺絲機\電路圖\15-804E-11.dwg,模型,2015/11/30 上午 09:12:27,USER,FUJI XEROX DocuPrint M355 df,A4,1:1.01949,
C:\Users\WorkJack\Desktop\16-902_3軸自動鎖螺絲機\電路圖\16-902E-01.dwg,模型,2016/11/9 上午 08:47:05,WorkJack,FX DocuCentre-IV 2060 PCL 6,A4(210x297mm),1:1.01885,
C:\Users\WorkJack\Desktop\16-902_3軸自動鎖螺絲機\電路圖\16-902E-02.dwg,模型,2016/11/9 上午 08:47:13,WorkJack,FX DocuCentre-IV 2060 PCL 6,A4(210x297mm),1:1.01885,
C:\Users\WorkJack\Desktop\16-902_3軸自動鎖螺絲機\電路圖\16-902E-03.dwg,模型,2016/11/9 上午 08:47:23,WorkJack,FX DocuCentre-IV 2060 PCL 6,A4(210x297mm),1:1.01885,
C:\Users\WorkJack\Desktop\16-902_3軸自動鎖螺絲機\電路圖\16-902E-04-X.dwg,模型,2016/11/9 上午 08:47:32,WorkJack,FX DocuCentre-IV 2060 PCL 6,A4(210x297mm),1:1.01885,
C:\Users\WorkJack\Desktop\16-902_3軸自動鎖螺絲機\電路圖\16-902E-05.dwg,模型,2016/11/9 上午 08:47:40,WorkJack,FX DocuCentre-IV 2060 PCL 6,A4(210x297mm),1:1.01885,
C:\Users\WorkJack\Desktop\16-902_3軸自動鎖螺絲機\電路圖\16-902E-06.dwg,模型,2016/11/9 上午 08:47:49,WorkJack,FX DocuCentre-IV 2060 PCL 6,A4(210x297mm),1:1.01885,
C:\Users\WorkJack\Desktop\16-902_3軸自動鎖螺絲機\電路圖\16-902E-07.dwg,模型,2016/11/9 上午 08:47:56,WorkJack,FX DocuCentre-IV 2060 PCL 6,A4(210x297mm),1:1.01885,
C:\Users\WorkJack\Desktop\16-902_3軸自動鎖螺絲機\電路圖\16-902E-08-Y.dwg,模型,2016/11/9 上午 08:48:04,WorkJack,FX DocuCentre-IV 2060 PCL 6,A4(210x297mm),1:1.01885,
C:\Users\WorkJack\Desktop\16-902_3軸自動鎖螺絲機\電路圖\16-902E-09.dwg,模型,2016/11/9 上午 08:48:13,WorkJack,FX DocuCentre-IV 2060 PCL 6,A4(210x297mm),1:1.01885,
C:\Users\WorkJack\Desktop\16-902_3軸自動鎖螺絲機\電路圖\16-902E-01.dwg,模型,2016/11/9 上午 08:50:22,WorkJack,FX DocuCentre-IV 2060 PCL 6,A4(210x297mm),1:1.01885,
C:\Users\WorkJack\Desktop\16-902_3軸自動鎖螺絲機\電路圖\16-902E-02.dwg,模型,2016/11/9 上午 08:50:30,WorkJack,FX DocuCentre-IV 2060 PCL 6,A4(210x297mm),1:1.01885,
C:\Users\WorkJack\Desktop\16-902_3軸自動鎖螺絲機\電路圖\16-902E-03.dwg,模型,2016/11/9 上午 08:50:38,WorkJack,FX DocuCentre-IV 2060 PCL 6,A4(210x297mm),1:1.01885,
C:\Users\WorkJack\Desktop\16-902_3軸自動鎖螺絲機\電路圖\16-902E-04-X.dwg,模型,2016/11/9 上午 08:50:45,WorkJack,FX DocuCentre-IV 2060 PCL 6,A4(210x297mm),1:1.01885,
C:\Users\WorkJack\Desktop\16-902_3軸自動鎖螺絲機\電路圖\16-902E-05.dwg,模型,2016/11/9 上午 08:50:52,WorkJack,FX DocuCentre-IV 2060 PCL 6,A4(210x297mm),1:1.01885,
C:\Users\WorkJack\Desktop\16-902_3軸自動鎖螺絲機\電路圖\16-902E-06.dwg,模型,2016/11/9 上午 08:50:59,WorkJack,FX DocuCentre-IV 2060 PCL 6,A4(210x297mm),1:1.01885,
C:\Users\WorkJack\Desktop\16-902_3軸自動鎖螺絲機\電路圖\16-902E-07.dwg,模型,2016/11/9 上午 08:51:07,WorkJack,FX DocuCentre-IV 2060 PCL 6,A4(210x297mm),1:1.01885,
C:\Users\WorkJack\Desktop\16-902_3軸自動鎖螺絲機\電路圖\16-902E-08-Y.dwg,模型,2016/11/9 上午 08:51:15,WorkJack,FX DocuCentre-IV 2060 PCL 6,A4(210x297mm),1:1.01885,
C:\Users\WorkJack\Desktop\16-902_3軸自動鎖螺絲機\電路圖\16-902E-09.dwg,模型,2016/11/9 上午 08:51:22,WorkJack,FX DocuCentre-IV 2060 PCL 6,A4(210x297mm),1:1.01885,
C:\Users\USER\Desktop\16-902_3軸自動鎖螺絲機\電路圖\16-902E-01.dwg,模型,2016/11/25 下午 03:29:13,USER,FX DocuCentre-IV 2060 PCL 6,A4(210x297mm),1:1.01885,
C:\Users\USER\Desktop\16-902_3軸自動鎖螺絲機\電路圖\16-902E-03.dwg,模型,2016/11/25 下午 03:37:34,USER,FX DocuCentre-IV 2060 PCL 6,A4(210x297mm),1:1.01885,
C:\Users\USER\Desktop\16-902_3軸自動鎖螺絲機\電路圖\16-902E-01.dwg,模型,2016/11/25 下午 03:49:19,USER,FX DocuCentre-IV 2060 PCL 6,A4(210x297mm),1:1.01885,
C:\Users\USER\Desktop\16-902_3軸自動鎖螺絲機\電路圖\16-902E-03.dwg,模型,2016/11/25 下午 03:49:36,USER,FX DocuCentre-IV 2060 PCL 6,A4(210x297mm),1:1.01885,
