C:\Users\USER\Desktop\電路圖\16-706E-24Y.dwg,模型,2016/11/2 上午 09:15:44,USER,FX DocuCentre-IV 2060 PCL 6,A4(210x297mm),1:8.80377,
C:\Users\USER\Desktop\電路圖\16-706E-23.dwg,模型,2016/11/2 上午 09:16:10,USER,FX DocuCentre-IV 2060 PCL 6,A4(210x297mm),1:8.80377,
C:\Users\USER\Desktop\電路圖\16-706E-22.dwg,模型,2016/11/2 上午 09:16:25,USER,FX DocuCentre-IV 2060 PCL 6,A4(210x297mm),1:8.80377,
C:\Users\USER\Desktop\電路圖\16-706E-21X.dwg,模型,2016/11/2 上午 09:16:38,USER,FX DocuCentre-IV 2060 PCL 6,A4(210x297mm),1:8.80377,
C:\Users\USER\Desktop\電路圖\16-706E-20AD.dwg,模型,2016/11/2 上午 09:16:51,USER,FX DocuCentre-IV 2060 PCL 6,A4(210x297mm),1:8.80377,
C:\Users\USER\Desktop\電路圖\16-706E-19CCD.dwg,模型,2016/11/2 上午 09:17:04,USER,FX DocuCentre-IV 2060 PCL 6,A4(210x297mm),1:8.80377,
C:\Users\USER\Desktop\電路圖\16-706E-18.dwg,模型,2016/11/2 上午 09:17:16,USER,FX DocuCentre-IV 2060 PCL 6,A4(210x297mm),1:8.80377,
C:\Users\USER\Desktop\電路圖\16-706E-17.dwg,模型,2016/11/2 上午 09:17:33,USER,FX DocuCentre-IV 2060 PCL 6,A4(210x297mm),1:8.80377,
C:\Users\USER\Desktop\電路圖\16-706E-16.dwg,模型,2016/11/2 上午 09:17:44,USER,FX DocuCentre-IV 2060 PCL 6,A4(210x297mm),1:8.80377,
C:\Users\USER\Desktop\電路圖\16-706E-15Y.dwg,模型,2016/11/2 上午 09:17:55,USER,FX DocuCentre-IV 2060 PCL 6,A4(210x297mm),1:8.80377,
C:\Users\USER\Desktop\電路圖\16-706E-14.dwg,模型,2016/11/2 上午 09:18:07,USER,FX DocuCentre-IV 2060 PCL 6,A4(210x297mm),1:8.80377,
C:\Users\USER\Desktop\電路圖\16-706E-13.dwg,模型,2016/11/2 上午 09:18:20,USER,FX DocuCentre-IV 2060 PCL 6,A4(210x297mm),1:8.80377,
C:\Users\USER\Desktop\電路圖\16-706E-12.dwg,模型,2016/11/2 上午 09:18:30,USER,FX DocuCentre-IV 2060 PCL 6,A4(210x297mm),1:8.80377,
C:\Users\USER\Desktop\電路圖\16-706E-11.dwg,模型,2016/11/2 上午 09:18:43,USER,FX DocuCentre-IV 2060 PCL 6,A4(210x297mm),1:8.80377,
C:\Users\USER\Desktop\電路圖\16-706E-10.dwg,模型,2016/11/2 上午 09:18:54,USER,FX DocuCentre-IV 2060 PCL 6,A4(210x297mm),1:8.80377,
C:\Users\USER\Desktop\電路圖\16-706E-09.dwg,模型,2016/11/2 上午 09:19:05,USER,FX DocuCentre-IV 2060 PCL 6,A4(210x297mm),1:8.80377,
C:\Users\USER\Desktop\電路圖\16-706E-08X.dwg,模型,2016/11/2 上午 09:19:16,USER,FX DocuCentre-IV 2060 PCL 6,A4(210x297mm),1:8.80377,
C:\Users\USER\Desktop\電路圖\16-706E-07.dwg,模型,2016/11/2 上午 09:19:28,USER,FX DocuCentre-IV 2060 PCL 6,A4(210x297mm),1:8.80377,
C:\Users\USER\Desktop\電路圖\16-706E-06.dwg,模型,2016/11/2 上午 09:19:40,USER,FX DocuCentre-IV 2060 PCL 6,A4(210x297mm),1:8.80377,
C:\Users\USER\Desktop\電路圖\16-706E-05.dwg,模型,2016/11/2 上午 09:19:51,USER,FX DocuCentre-IV 2060 PCL 6,A4(210x297mm),1:8.80377,
C:\Users\USER\Desktop\電路圖\16-706E-04.dwg,模型,2016/11/2 上午 09:20:03,USER,FX DocuCentre-IV 2060 PCL 6,A4(210x297mm),1:8.80377,
C:\Users\USER\Desktop\電路圖\16-706E-03.dwg,模型,2016/11/2 上午 09:20:16,USER,FX DocuCentre-IV 2060 PCL 6,A4(210x297mm),1:8.80377,
C:\Users\USER\Desktop\電路圖\16-706E-02.dwg,模型,2016/11/2 上午 09:20:27,USER,FX DocuCentre-IV 2060 PCL 6,A4(210x297mm),1:8.80377,
C:\Users\USER\Desktop\電路圖\16-706E-01.dwg,模型,2016/11/2 上午 09:20:37,USER,FX DocuCentre-IV 2060 PCL 6,A4(210x297mm),1:8.80377,
C:\Users\USER\Desktop\電路圖\16-706E-24Y.dwg,模型,2016/11/2 上午 09:23:35,USER,FX DocuCentre-IV 2060 PCL 6,A4(210x297mm),1:8.80377,
C:\Users\USER\Desktop\電路圖\16-706E-24Y.dwg,模型,2016/11/2 上午 09:24:38,USER,FUJI XEROX DocuPrint M355 df,A4,1:8.80766,
C:\Users\USER\Desktop\電路圖\16-706E-23.dwg,模型,2016/11/2 上午 09:26:42,USER,FX DocuCentre-IV 2060 PCL 6,A4(210x297mm),1:1.01886,
C:\Users\USER\Desktop\電路圖\16-706E-22.dwg,模型,2016/11/2 上午 09:27:29,USER,FX DocuCentre-IV 2060 PCL 6,A4(210x297mm),1:1.01888,
C:\Users\USER\Desktop\電路圖\16-706E-21X.dwg,模型,2016/11/2 上午 09:27:47,USER,FX DocuCentre-IV 2060 PCL 6,A4(210x297mm),1:1.01907,
C:\Users\USER\Desktop\電路圖\16-706E-20AD.dwg,模型,2016/11/2 上午 09:28:04,USER,FX DocuCentre-IV 2060 PCL 6,A4(210x297mm),1:1.01885,
C:\Users\USER\Desktop\電路圖\16-706E-19CCD.dwg,模型,2016/11/2 上午 09:28:24,USER,FX DocuCentre-IV 2060 PCL 6,A4(210x297mm),1:1.01885,
C:\Users\USER\Desktop\電路圖\16-706E-18.dwg,模型,2016/11/2 上午 09:28:38,USER,FX DocuCentre-IV 2060 PCL 6,A4(210x297mm),1:1.01899,
C:\Users\USER\Desktop\電路圖\16-706E-17.dwg,模型,2016/11/2 上午 09:28:52,USER,FX DocuCentre-IV 2060 PCL 6,A4(210x297mm),1:1.01899,
C:\Users\USER\Desktop\電路圖\16-706E-16.dwg,模型,2016/11/2 上午 09:29:04,USER,FX DocuCentre-IV 2060 PCL 6,A4(210x297mm),1:1.01899,
C:\Users\USER\Desktop\電路圖\16-706E-15Y.dwg,模型,2016/11/2 上午 09:29:17,USER,FX DocuCentre-IV 2060 PCL 6,A4(210x297mm),1:1.01899,
C:\Users\USER\Desktop\電路圖\16-706E-14.dwg,模型,2016/11/2 上午 09:29:30,USER,FX DocuCentre-IV 2060 PCL 6,A4(210x297mm),1:1.01895,
C:\Users\USER\Desktop\電路圖\16-706E-13.dwg,模型,2016/11/2 上午 09:29:42,USER,FX DocuCentre-IV 2060 PCL 6,A4(210x297mm),1:1.01895,
C:\Users\USER\Desktop\電路圖\16-706E-12.dwg,模型,2016/11/2 上午 09:29:54,USER,FX DocuCentre-IV 2060 PCL 6,A4(210x297mm),1:1.01907,
C:\Users\USER\Desktop\電路圖\16-706E-11.dwg,模型,2016/11/2 上午 09:30:06,USER,FX DocuCentre-IV 2060 PCL 6,A4(210x297mm),1:1.01886,
C:\Users\USER\Desktop\電路圖\16-706E-10.dwg,模型,2016/11/2 上午 09:30:17,USER,FX DocuCentre-IV 2060 PCL 6,A4(210x297mm),1:1.01886,
C:\Users\USER\Desktop\電路圖\16-706E-09.dwg,模型,2016/11/2 上午 09:30:28,USER,FX DocuCentre-IV 2060 PCL 6,A4(210x297mm),1:1.01886,
C:\Users\USER\Desktop\電路圖\16-706E-08X.dwg,模型,2016/11/2 上午 09:30:39,USER,FX DocuCentre-IV 2060 PCL 6,A4(210x297mm),1:1.01886,
C:\Users\USER\Desktop\電路圖\16-706E-07.dwg,模型,2016/11/2 上午 09:30:51,USER,FX DocuCentre-IV 2060 PCL 6,A4(210x297mm),1:1.01885,
C:\Users\USER\Desktop\電路圖\16-706E-06.dwg,模型,2016/11/2 上午 09:31:00,USER,FX DocuCentre-IV 2060 PCL 6,A4(210x297mm),1:1.01885,
C:\Users\USER\Desktop\電路圖\16-706E-05.dwg,模型,2016/11/2 上午 09:31:11,USER,FX DocuCentre-IV 2060 PCL 6,A4(210x297mm),1:1.01885,
C:\Users\USER\Desktop\電路圖\16-706E-05.dwg,模型,2016/11/2 上午 09:33:40,USER,FX DocuCentre-IV 2060 PCL 6,A4(210x297mm),1:1.01885,
C:\Users\USER\Desktop\電路圖\16-706E-04.dwg,模型,2016/11/2 上午 09:33:52,USER,FX DocuCentre-IV 2060 PCL 6,A4(210x297mm),1:1.01885,
C:\Users\USER\Desktop\電路圖\16-706E-03.dwg,模型,2016/11/2 上午 09:34:01,USER,FX DocuCentre-IV 2060 PCL 6,A4(210x297mm),1:1.01885,
C:\Users\USER\Desktop\電路圖\16-706E-02.dwg,模型,2016/11/2 上午 09:34:10,USER,FX DocuCentre-IV 2060 PCL 6,A4(210x297mm),1:1.01885,
C:\Users\USER\Desktop\電路圖\16-706E-01.dwg,模型,2016/11/2 上午 09:34:22,USER,FX DocuCentre-IV 2060 PCL 6,A4(210x297mm),1:1.01885,
C:\Users\USER\Desktop\新增資料夾\16-1003_單軸螺絲自動供給鎖緊機(下壓氣動)(興大)\電路圖\16-1003E-03.dwg,模型,2016/11/2 上午 11:43:45,USER,FX DocuCentre-IV 2060 PCL 6,A4(210x297mm),1:1.01885,
C:\Users\USER\Desktop\新增資料夾\16-1003_單軸螺絲自動供給鎖緊機(下壓氣動)(興大)\電路圖\16-1003E-02.dwg,模型,2016/11/2 上午 11:43:54,USER,FX DocuCentre-IV 2060 PCL 6,A4(210x297mm),1:1.01885,
C:\Users\USER\Desktop\新增資料夾\16-1003_單軸螺絲自動供給鎖緊機(下壓氣動)(興大)\電路圖\16-1003E-01.dwg,模型,2016/11/2 上午 11:44:02,USER,FX DocuCentre-IV 2060 PCL 6,A4(210x297mm),1:1.01885,
C:\Users\USER\Desktop\新增資料夾\16-1004_雙軸螺絲自動供給鎖緊機(下壓氣動)(興大)\電路圖\16-1004E-01.dwg,模型,2016/11/2 上午 11:46:04,USER,FX DocuCentre-IV 2060 PCL 6,A4(210x297mm),1:1.01885,
C:\Users\USER\Desktop\新增資料夾\16-1004_雙軸螺絲自動供給鎖緊機(下壓氣動)(興大)\電路圖\16-1004E-02.dwg,模型,2016/11/2 上午 11:46:36,USER,FX DocuCentre-IV 2060 PCL 6,A4(210x297mm),1:1.01885,
C:\Users\USER\Desktop\新增資料夾\16-1004_雙軸螺絲自動供給鎖緊機(下壓氣動)(興大)\電路圖\16-1004E-03.dwg,模型,2016/11/2 上午 11:47:04,USER,FX DocuCentre-IV 2060 PCL 6,A4(210x297mm),1:1.01885,
C:\Users\USER\Desktop\新增資料夾\16-1004_雙軸螺絲自動供給鎖緊機(下壓氣動)(興大)\電路圖\16-1004E-03.dwg,模型,2016/11/2 上午 11:47:12,USER,FX DocuCentre-IV 2060 PCL 6,A4(210x297mm),1:1.01885,
C:\Users\USER\Desktop\新增資料夾\16-1004_雙軸螺絲自動供給鎖緊機(下壓氣動)(興大)\電路圖\16-1004E-02.dwg,模型,2016/11/2 上午 11:47:20,USER,FX DocuCentre-IV 2060 PCL 6,A4(210x297mm),1:1.01885,
C:\Users\USER\Desktop\新增資料夾\16-1004_雙軸螺絲自動供給鎖緊機(下壓氣動)(興大)\電路圖\16-1004E-01.dwg,模型,2016/11/2 上午 11:47:28,USER,FX DocuCentre-IV 2060 PCL 6,A4(210x297mm),1:1.01885,
C:\Users\USER\Desktop\新增資料夾\16-1003_單軸螺絲自動供給鎖緊機(下壓氣動)(興大)\電路圖\16-1003E-03.dwg,模型,2016/11/2 上午 11:47:59,USER,FX DocuCentre-IV 2060 PCL 6,A4(210x297mm),1:1.01885,
C:\Users\USER\Desktop\新增資料夾\16-1003_單軸螺絲自動供給鎖緊機(下壓氣動)(興大)\電路圖\16-1003E-02.dwg,模型,2016/11/2 上午 11:48:08,USER,FX DocuCentre-IV 2060 PCL 6,A4(210x297mm),1:1.01885,
C:\Users\USER\Desktop\新增資料夾\16-1003_單軸螺絲自動供給鎖緊機(下壓氣動)(興大)\電路圖\16-1003E-01.dwg,模型,2016/11/2 上午 11:48:15,USER,FX DocuCentre-IV 2060 PCL 6,A4(210x297mm),1:1.01885,
