D:\公司同步及雲端\蔡的工作\15-605_X-TABLE單軸鎖止付螺絲機(定位控制伺服鎖缺螺絲)\電路圖\15-605E-01.dwg,模型,2015/7/22 下午 02:37:23,elec-jack,FX PCL6 B/W Class Driver,A4,1:1.0196,
D:\公司同步及雲端\蔡的工作\15-605_X-TABLE單軸鎖止付螺絲機(定位控制伺服鎖缺螺絲)\電路圖\15-605E-02.dwg,模型,2015/7/22 下午 02:37:28,elec-jack,FX PCL6 B/W Class Driver,A4,1:1.0195,
D:\公司同步及雲端\蔡的工作\15-605_X-TABLE單軸鎖止付螺絲機(定位控制伺服鎖缺螺絲)\電路圖\15-605E-03.dwg,模型,2015/7/22 下午 02:37:34,elec-jack,FX PCL6 B/W Class Driver,A4,1:1.01963,
D:\公司同步及雲端\蔡的工作\15-605_X-TABLE單軸鎖止付螺絲機(定位控制伺服鎖缺螺絲)\電路圖\15-605E-04.dwg,模型,2015/7/22 下午 02:37:39,elec-jack,FX PCL6 B/W Class Driver,A4,1:1.01949,
D:\公司同步及雲端\蔡的工作\15-605_X-TABLE單軸鎖止付螺絲機(定位控制伺服鎖缺螺絲)\電路圖\15-605E-05.dwg,模型,2015/7/22 下午 02:37:46,elec-jack,FX PCL6 B/W Class Driver,A4,1:1.01949,
C:\Users\USER\Desktop\16-904_NL-4滑槽馬達搭接支架鎖螺絲機(定位控制伺服鎖緊)\電路圖\16-904E-01.dwg,模型,2016/11/10 上午 09:41:12,USER,FX DocuCentre-IV 2060 PCL 6,A4(210x297mm),1:1.01895,
C:\Users\USER\Desktop\16-904_NL-4滑槽馬達搭接支架鎖螺絲機(定位控制伺服鎖緊)\電路圖\16-904E-02.dwg,模型,2016/11/10 上午 09:41:38,USER,FX DocuCentre-IV 2060 PCL 6,A4(210x297mm),1:1.01895,
C:\Users\USER\Desktop\16-904_NL-4滑槽馬達搭接支架鎖螺絲機(定位控制伺服鎖緊)\電路圖\16-904E-03X.dwg,模型,2016/11/10 上午 09:41:56,USER,FX DocuCentre-IV 2060 PCL 6,A4(210x297mm),1:1.01886,
C:\Users\USER\Desktop\16-904_NL-4滑槽馬達搭接支架鎖螺絲機(定位控制伺服鎖緊)\電路圖\16-904E-04X.dwg,模型,2016/11/10 上午 09:42:10,USER,FX DocuCentre-IV 2060 PCL 6,A4(210x297mm),1:1.01886,
C:\Users\USER\Desktop\16-904_NL-4滑槽馬達搭接支架鎖螺絲機(定位控制伺服鎖緊)\電路圖\16-904E-05Y.dwg,模型,2016/11/10 上午 09:42:26,USER,FX DocuCentre-IV 2060 PCL 6,A4(210x297mm),1:1.01902,
C:\Users\USER\Desktop\16-904_NL-4滑槽馬達搭接支架鎖螺絲機(定位控制伺服鎖緊)\電路圖\16-904E-06.dwg,模型,2016/11/10 上午 09:42:37,USER,FX DocuCentre-IV 2060 PCL 6,A4(210x297mm),1:1.01885,
C:\Users\USER\Desktop\16-904_NL-4滑槽馬達搭接支架鎖螺絲機(定位控制伺服鎖緊)\電路圖\16-904E-06.dwg,模型,2016/11/10 上午 09:42:50,USER,FX DocuCentre-IV 2060 PCL 6,A4(210x297mm),1:1.01885,
C:\Users\USER\Desktop\16-904_NL-4滑槽馬達搭接支架鎖螺絲機(定位控制伺服鎖緊)\電路圖\16-904E-07.dwg,模型,2016/11/10 上午 09:43:03,USER,FX DocuCentre-IV 2060 PCL 6,A4(210x297mm),1:1.01885,
C:\Users\USER\Desktop\16-904_NL-4滑槽馬達搭接支架鎖螺絲機(定位控制伺服鎖緊)\電路圖\16-904E-07.dwg,模型,2016/11/10 上午 09:51:11,USER,FX DocuCentre-IV 2060 PCL 6,A4(210x297mm),1:1.01885,
C:\Users\USER\Desktop\16-904_NL-4滑槽馬達搭接支架鎖螺絲機(定位控制伺服鎖緊)\電路圖\16-904E-06.dwg,模型,2016/11/10 上午 09:51:23,USER,FX DocuCentre-IV 2060 PCL 6,A4(210x297mm),1:1.01885,
C:\Users\USER\Desktop\16-904_NL-4滑槽馬達搭接支架鎖螺絲機(定位控制伺服鎖緊)\電路圖\16-904E-05Y.dwg,模型,2016/11/10 上午 09:51:42,USER,FX DocuCentre-IV 2060 PCL 6,A4(210x297mm),1:1.01887,
C:\Users\USER\Desktop\16-904_NL-4滑槽馬達搭接支架鎖螺絲機(定位控制伺服鎖緊)\電路圖\16-904E-04X.dwg,模型,2016/11/10 上午 09:51:57,USER,FX DocuCentre-IV 2060 PCL 6,A4(210x297mm),1:1.01907,
C:\Users\USER\Desktop\16-904_NL-4滑槽馬達搭接支架鎖螺絲機(定位控制伺服鎖緊)\電路圖\16-904E-03X.dwg,模型,2016/11/10 上午 09:52:08,USER,FX DocuCentre-IV 2060 PCL 6,A4(210x297mm),1:1.01907,
C:\Users\USER\Desktop\16-904_NL-4滑槽馬達搭接支架鎖螺絲機(定位控制伺服鎖緊)\電路圖\16-904E-02.dwg,模型,2016/11/10 上午 09:52:20,USER,FX DocuCentre-IV 2060 PCL 6,A4(210x297mm),1:1.01898,
C:\Users\USER\Desktop\16-904_NL-4滑槽馬達搭接支架鎖螺絲機(定位控制伺服鎖緊)\電路圖\16-904E-01.dwg,模型,2016/11/10 上午 09:52:31,USER,FX DocuCentre-IV 2060 PCL 6,A4(210x297mm),1:1.01898,
\\Diskstation\電控\標準圖面\電路圖面\台達伺服IO標準接線圖\台達B2伺服速度控制標準IO接線圖(類比模式).dwg,模型,2016/11/18 下午 02:24:23,USER,FX DocuCentre-IV 2060 PCL 6,A4(210x297mm),1:1.01885,
